13:02:12 INFO:areq: Data from Arduino 16
13:02:12 INFO:areq: Converted to Fahrenheit: 60.8
13:02:13 INFO:areq: Data from Arduino 16
13:02:13 INFO:areq: Converted to Fahrenheit: 60.8
13:02:14 INFO:areq: Data from Arduino 15
13:02:14 INFO:areq: Converted to Fahrenheit: 59.0
13:02:15 INFO:areq: Data from Arduino 17
13:02:15 INFO:areq: Converted to Fahrenheit: 62.6
13:02:16 INFO:areq: Data from Arduino 16
13:02:16 INFO:areq: Converted to Fahrenheit: 60.8
13:02:17 INFO:areq: Data from Arduino 16
13:02:17 INFO:areq: Converted to Fahrenheit: 60.8
13:02:18 INFO:areq: Data from Arduino 15
13:02:18 INFO:areq: Converted to Fahrenheit: 59.0
13:02:19 INFO:areq: Data from Arduino 16
13:02:19 INFO:areq: Converted to Fahrenheit: 60.8
13:02:20 INFO:areq: Data from Arduino 16
13:02:20 INFO:areq: Converted to Fahrenheit: 60.8
13:02:21 INFO:areq: Data from Arduino 16
13:02:21 INFO:areq: Converted to Fahrenheit: 60.8
13:02:22 INFO:areq: Data from Arduino 16
13:02:22 INFO:areq: Converted to Fahrenheit: 60.8
13:02:23 INFO:areq: Data from Arduino 16
13:02:23 INFO:areq: Converted to Fahrenheit: 60.8
13:02:24 INFO:areq: Data from Arduino 16
13:02:24 INFO:areq: Converted to Fahrenheit: 60.8
13:02:25 INFO:areq: Data from Arduino 16
13:02:25 INFO:areq: Converted to Fahrenheit: 60.8
13:15:46 INFO:areq: Raw Arduino Data: 17
13:15:46 INFO:areq: Converted Fahrenheit Temp: 62.6
13:15:47 INFO:areq: Raw Arduino Data: 17
13:15:47 INFO:areq: Converted Fahrenheit Temp: 62.6
13:15:48 INFO:areq: Raw Arduino Data: 16
13:15:48 INFO:areq: Converted Fahrenheit Temp: 60.8
13:15:49 INFO:areq: Raw Arduino Data: 16
13:15:49 INFO:areq: Converted Fahrenheit Temp: 60.8
13:15:50 INFO:areq: Raw Arduino Data: 16
13:15:50 INFO:areq: Converted Fahrenheit Temp: 60.8
13:15:51 INFO:areq: Raw Arduino Data: 16
13:15:51 INFO:areq: Converted Fahrenheit Temp: 60.8
13:15:52 INFO:areq: Raw Arduino Data: 16
13:15:52 INFO:areq: Converted Fahrenheit Temp: 60.8
13:15:53 INFO:areq: Raw Arduino Data: 17
13:15:53 INFO:areq: Converted Fahrenheit Temp: 62.6
13:15:54 INFO:areq: Raw Arduino Data: 16
13:15:54 INFO:areq: Converted Fahrenheit Temp: 60.8
13:15:55 INFO:areq: Raw Arduino Data: 16
13:15:55 INFO:areq: Converted Fahrenheit Temp: 60.8
13:15:56 INFO:areq: Raw Arduino Data: 15
13:15:56 INFO:areq: Converted Fahrenheit Temp: 59.0
13:15:57 INFO:areq: Raw Arduino Data: 16
13:15:57 INFO:areq: Converted Fahrenheit Temp: 60.8
13:29:49 INFO:areq: Raw Arduino Data: 16
13:29:49 INFO:areq: Converted Fahrenheit Temp: 60.8
13:30:29 INFO:areq: Raw Arduino Data: 16
13:30:29 INFO:areq: Converted Fahrenheit Temp: 60.8
13:31:53 INFO:areq: Raw Arduino Data: 16
13:31:53 INFO:areq: Converted Fahrenheit Temp: 60.8
13:32:22 INFO:areq: Raw Arduino Data: 15
13:32:22 INFO:areq: Converted Fahrenheit Temp: 59.0
13:32:54 INFO:areq: Raw Arduino Data: 16
13:32:54 INFO:areq: Converted Fahrenheit Temp: 60.8
13:33:28 INFO:areq: Raw Arduino Data: 17
13:33:28 INFO:areq: Converted Fahrenheit Temp: 62.6
13:34:50 INFO:areq: Raw Arduino Data: 16
13:34:50 INFO:areq: Converted Fahrenheit Temp: 60.8
13:34:53 INFO:areq: Raw Arduino Data: 17
13:34:53 INFO:areq: Converted Fahrenheit Temp: 62.6
13:34:54 INFO:areq: Raw Arduino Data: 16
13:34:54 INFO:areq: Converted Fahrenheit Temp: 60.8
13:35:05 INFO:areq: Raw Arduino Data: 16
13:35:05 INFO:areq: Converted Fahrenheit Temp: 60.8
13:35:07 INFO:areq: Raw Arduino Data: 16
13:35:07 INFO:areq: Converted Fahrenheit Temp: 60.8
13:35:18 INFO:areq: Raw Arduino Data: 16
13:35:18 INFO:areq: Converted Fahrenheit Temp: 60.8
13:35:19 INFO:areq: Raw Arduino Data: 16
13:35:19 INFO:areq: Converted Fahrenheit Temp: 60.8
13:35:31 INFO:areq: Raw Arduino Data: 16
13:35:31 INFO:areq: Converted Fahrenheit Temp: 60.8
13:35:33 INFO:areq: Raw Arduino Data: 16
13:35:33 INFO:areq: Converted Fahrenheit Temp: 60.8
13:35:45 INFO:areq: Raw Arduino Data: 16
13:35:45 INFO:areq: Converted Fahrenheit Temp: 60.8
13:35:47 INFO:areq: Raw Arduino Data: 16
13:35:47 INFO:areq: Converted Fahrenheit Temp: 60.8
13:35:58 INFO:areq: Raw Arduino Data: 16
13:35:58 INFO:areq: Converted Fahrenheit Temp: 60.8
13:36:00 INFO:areq: Raw Arduino Data: 17
13:36:00 INFO:areq: Converted Fahrenheit Temp: 62.6
13:36:12 INFO:areq: Raw Arduino Data: 16
13:36:12 INFO:areq: Converted Fahrenheit Temp: 60.8
13:36:24 INFO:areq: Raw Arduino Data: 17
13:36:24 INFO:areq: Converted Fahrenheit Temp: 62.6
13:36:26 INFO:areq: Raw Arduino Data: 16
13:36:26 INFO:areq: Converted Fahrenheit Temp: 60.8
13:36:37 INFO:areq: Raw Arduino Data: 16
13:36:37 INFO:areq: Converted Fahrenheit Temp: 60.8
13:36:39 INFO:areq: Raw Arduino Data: 16
13:36:39 INFO:areq: Converted Fahrenheit Temp: 60.8
13:36:50 INFO:areq: Raw Arduino Data: 16
13:36:50 INFO:areq: Converted Fahrenheit Temp: 60.8
13:36:52 INFO:areq: Raw Arduino Data: 16
13:36:52 INFO:areq: Converted Fahrenheit Temp: 60.8
13:37:03 INFO:areq: Raw Arduino Data: 17
13:37:03 INFO:areq: Converted Fahrenheit Temp: 62.6
13:37:15 INFO:areq: Raw Arduino Data: 16
13:37:15 INFO:areq: Converted Fahrenheit Temp: 60.8
13:37:18 INFO:areq: Raw Arduino Data: 17
13:37:18 INFO:areq: Converted Fahrenheit Temp: 62.6
13:37:20 INFO:areq: Raw Arduino Data: 16
13:37:20 INFO:areq: Converted Fahrenheit Temp: 60.8
13:37:32 INFO:areq: Raw Arduino Data: 16
13:37:32 INFO:areq: Converted Fahrenheit Temp: 60.8
13:37:33 INFO:areq: Raw Arduino Data: 16
13:37:33 INFO:areq: Converted Fahrenheit Temp: 60.8
13:37:45 INFO:areq: Raw Arduino Data: 16
13:37:45 INFO:areq: Converted Fahrenheit Temp: 60.8
13:37:46 INFO:areq: Raw Arduino Data: 17
13:37:46 INFO:areq: Converted Fahrenheit Temp: 62.6
13:37:58 INFO:areq: Raw Arduino Data: 17
13:37:58 INFO:areq: Converted Fahrenheit Temp: 62.6
13:38:05 INFO:areq: Raw Arduino Data: 16
13:38:05 INFO:areq: Converted Fahrenheit Temp: 60.8
13:38:06 INFO:areq: Raw Arduino Data: 16
13:38:06 INFO:areq: Converted Fahrenheit Temp: 60.8
13:44:29 INFO:areq: Raw Arduino Data: 15
13:44:29 INFO:areq: Converted Fahrenheit Temp: 59.0
13:44:31 INFO:areq: Raw Arduino Data: 16
13:44:31 INFO:areq: Converted Fahrenheit Temp: 60.8
13:44:38 INFO:areq: Raw Arduino Data: 16
13:44:38 INFO:areq: Converted Fahrenheit Temp: 60.8
13:44:51 INFO:areq: Raw Arduino Data: 16
13:44:51 INFO:areq: Converted Fahrenheit Temp: 60.8
13:44:52 INFO:areq: Raw Arduino Data: 16
13:44:52 INFO:areq: Converted Fahrenheit Temp: 60.8
13:45:04 INFO:areq: Raw Arduino Data: 16
13:45:04 INFO:areq: Converted Fahrenheit Temp: 60.8
13:45:16 INFO:areq: Raw Arduino Data: 16
13:45:16 INFO:areq: Converted Fahrenheit Temp: 60.8
13:45:18 INFO:areq: Raw Arduino Data: 16
13:45:18 INFO:areq: Converted Fahrenheit Temp: 60.8
13:45:30 INFO:areq: Raw Arduino Data: 17
13:45:30 INFO:areq: Converted Fahrenheit Temp: 62.6
13:45:32 INFO:areq: Raw Arduino Data: 16
13:45:32 INFO:areq: Converted Fahrenheit Temp: 60.8
13:45:46 INFO:areq: Raw Arduino Data: 16
13:45:46 INFO:areq: Converted Fahrenheit Temp: 60.8
13:45:48 INFO:areq: Raw Arduino Data: 15
13:45:48 INFO:areq: Converted Fahrenheit Temp: 59.0
13:46:00 INFO:areq: Raw Arduino Data: 16
13:46:00 INFO:areq: Converted Fahrenheit Temp: 60.8
13:46:12 INFO:areq: Raw Arduino Data: 16
13:46:12 INFO:areq: Converted Fahrenheit Temp: 60.8
13:46:13 INFO:areq: Raw Arduino Data: 16
13:46:13 INFO:areq: Converted Fahrenheit Temp: 60.8
13:46:25 INFO:areq: Raw Arduino Data: 16
13:46:25 INFO:areq: Converted Fahrenheit Temp: 60.8
13:46:26 INFO:areq: Raw Arduino Data: 17
13:46:26 INFO:areq: Converted Fahrenheit Temp: 62.6
13:46:38 INFO:areq: Raw Arduino Data: 17
13:46:38 INFO:areq: Converted Fahrenheit Temp: 62.6
13:46:46 INFO:areq: Raw Arduino Data: 17
13:46:46 INFO:areq: Converted Fahrenheit Temp: 62.6
13:46:48 INFO:areq: Raw Arduino Data: 16
13:46:48 INFO:areq: Converted Fahrenheit Temp: 60.8
13:46:59 INFO:areq: Raw Arduino Data: 17
13:46:59 INFO:areq: Converted Fahrenheit Temp: 62.6
13:47:01 INFO:areq: Raw Arduino Data: 17
13:47:01 INFO:areq: Converted Fahrenheit Temp: 62.6
13:47:12 INFO:areq: Raw Arduino Data: 16
13:47:12 INFO:areq: Converted Fahrenheit Temp: 60.8
13:47:25 INFO:areq: Raw Arduino Data: 17
13:47:25 INFO:areq: Converted Fahrenheit Temp: 62.6
13:47:26 INFO:areq: Raw Arduino Data: 16
13:47:26 INFO:areq: Converted Fahrenheit Temp: 60.8
13:47:38 INFO:areq: Raw Arduino Data: 15
13:47:38 INFO:areq: Converted Fahrenheit Temp: 59.0
13:47:51 INFO:areq: Raw Arduino Data: 16
13:47:51 INFO:areq: Converted Fahrenheit Temp: 60.8
13:48:03 INFO:areq: Raw Arduino Data: 17
13:48:03 INFO:areq: Converted Fahrenheit Temp: 62.6
13:48:05 INFO:areq: Raw Arduino Data: 16
13:48:05 INFO:areq: Converted Fahrenheit Temp: 60.8
13:48:16 INFO:areq: Raw Arduino Data: 16
13:48:16 INFO:areq: Converted Fahrenheit Temp: 60.8
13:48:19 INFO:areq: Raw Arduino Data: 16
13:48:19 INFO:areq: Converted Fahrenheit Temp: 60.8
13:48:22 INFO:areq: Raw Arduino Data: 17
13:48:22 INFO:areq: Converted Fahrenheit Temp: 62.6
13:48:25 INFO:areq: Raw Arduino Data: 15
13:48:25 INFO:areq: Converted Fahrenheit Temp: 59.0
13:48:27 INFO:areq: Raw Arduino Data: 16
13:48:27 INFO:areq: Converted Fahrenheit Temp: 60.8
13:48:39 INFO:areq: Raw Arduino Data: 16
13:48:39 INFO:areq: Converted Fahrenheit Temp: 60.8
13:48:50 INFO:areq: Raw Arduino Data: 16
13:48:50 INFO:areq: Converted Fahrenheit Temp: 60.8
13:48:52 INFO:areq: Raw Arduino Data: 16
13:48:52 INFO:areq: Converted Fahrenheit Temp: 60.8
13:49:03 INFO:areq: Raw Arduino Data: 15
13:49:03 INFO:areq: Converted Fahrenheit Temp: 59.0
13:49:05 INFO:areq: Raw Arduino Data: 16
13:49:05 INFO:areq: Converted Fahrenheit Temp: 60.8
13:49:17 INFO:areq: Raw Arduino Data: 16
13:49:17 INFO:areq: Converted Fahrenheit Temp: 60.8
13:49:26 INFO:areq: Raw Arduino Data: 16
13:49:26 INFO:areq: Converted Fahrenheit Temp: 60.8
13:49:29 INFO:areq: Raw Arduino Data: 16
13:49:29 INFO:areq: Converted Fahrenheit Temp: 60.8
13:49:41 INFO:areq: Raw Arduino Data: 16
13:49:41 INFO:areq: Converted Fahrenheit Temp: 60.8
13:49:43 INFO:areq: Raw Arduino Data: 15
13:49:43 INFO:areq: Converted Fahrenheit Temp: 59.0
13:49:45 INFO:areq: Raw Arduino Data: 16
13:49:45 INFO:areq: Converted Fahrenheit Temp: 60.8
13:49:56 INFO:areq: Raw Arduino Data: 16
13:49:56 INFO:areq: Converted Fahrenheit Temp: 60.8
13:49:58 INFO:areq: Raw Arduino Data: 16
13:49:58 INFO:areq: Converted Fahrenheit Temp: 60.8
13:50:10 INFO:areq: Raw Arduino Data: 15
13:50:10 INFO:areq: Converted Fahrenheit Temp: 59.0
13:50:22 INFO:areq: Raw Arduino Data: 16
13:50:22 INFO:areq: Converted Fahrenheit Temp: 60.8
13:50:23 INFO:areq: Raw Arduino Data: 16
13:50:23 INFO:areq: Converted Fahrenheit Temp: 60.8
13:50:35 INFO:areq: Raw Arduino Data: 16
13:50:35 INFO:areq: Converted Fahrenheit Temp: 60.8
13:50:37 INFO:areq: Raw Arduino Data: 17
13:50:37 INFO:areq: Converted Fahrenheit Temp: 62.6
13:50:49 INFO:areq: Raw Arduino Data: 15
13:50:49 INFO:areq: Converted Fahrenheit Temp: 59.0
13:50:51 INFO:areq: Raw Arduino Data: 17
13:50:51 INFO:areq: Converted Fahrenheit Temp: 62.6
13:50:52 INFO:areq: Raw Arduino Data: 16
13:50:52 INFO:areq: Converted Fahrenheit Temp: 60.8
13:51:04 INFO:areq: Raw Arduino Data: 16
13:51:04 INFO:areq: Converted Fahrenheit Temp: 60.8
13:51:06 INFO:areq: Raw Arduino Data: 17
13:51:06 INFO:areq: Converted Fahrenheit Temp: 62.6
13:51:17 INFO:areq: Raw Arduino Data: 16
13:51:17 INFO:areq: Converted Fahrenheit Temp: 60.8
13:51:19 INFO:areq: Raw Arduino Data: 15
13:51:19 INFO:areq: Converted Fahrenheit Temp: 59.0
13:51:30 INFO:areq: Raw Arduino Data: 16
13:51:30 INFO:areq: Converted Fahrenheit Temp: 60.8
13:51:32 INFO:areq: Raw Arduino Data: 16
13:51:32 INFO:areq: Converted Fahrenheit Temp: 60.8
13:51:43 INFO:areq: Raw Arduino Data: 17
13:51:43 INFO:areq: Converted Fahrenheit Temp: 62.6
13:51:44 INFO:areq: Raw Arduino Data: 15
13:51:44 INFO:areq: Converted Fahrenheit Temp: 59.0
13:51:56 INFO:areq: Raw Arduino Data: 15
13:51:56 INFO:areq: Converted Fahrenheit Temp: 59.0
13:52:07 INFO:areq: Raw Arduino Data: 16
13:52:07 INFO:areq: Converted Fahrenheit Temp: 60.8
13:52:08 INFO:areq: Raw Arduino Data: 16
13:52:08 INFO:areq: Converted Fahrenheit Temp: 60.8
13:52:20 INFO:areq: Raw Arduino Data: 16
13:52:20 INFO:areq: Converted Fahrenheit Temp: 60.8
13:52:21 INFO:areq: Raw Arduino Data: 16
13:52:21 INFO:areq: Converted Fahrenheit Temp: 60.8
13:52:33 INFO:areq: Raw Arduino Data: 16
13:52:33 INFO:areq: Converted Fahrenheit Temp: 60.8
13:52:35 INFO:areq: Raw Arduino Data: 16
13:52:35 INFO:areq: Converted Fahrenheit Temp: 60.8
13:52:46 INFO:areq: Raw Arduino Data: 16
13:52:46 INFO:areq: Converted Fahrenheit Temp: 60.8
13:52:48 INFO:areq: Raw Arduino Data: 16
13:52:48 INFO:areq: Converted Fahrenheit Temp: 60.8
13:53:00 INFO:areq: Raw Arduino Data: 16
13:53:00 INFO:areq: Converted Fahrenheit Temp: 60.8
13:53:03 INFO:areq: Raw Arduino Data: 16
13:53:03 INFO:areq: Converted Fahrenheit Temp: 60.8
13:53:04 INFO:areq: Raw Arduino Data: 16
13:53:04 INFO:areq: Converted Fahrenheit Temp: 60.8
13:53:16 INFO:areq: Raw Arduino Data: 17
13:53:16 INFO:areq: Converted Fahrenheit Temp: 62.6
13:53:28 INFO:areq: Raw Arduino Data: 15
13:53:28 INFO:areq: Converted Fahrenheit Temp: 59.0
13:53:30 INFO:areq: Raw Arduino Data: 16
13:53:30 INFO:areq: Converted Fahrenheit Temp: 60.8
13:53:41 INFO:areq: Raw Arduino Data: 16
13:53:41 INFO:areq: Converted Fahrenheit Temp: 60.8
13:53:49 INFO:areq: Raw Arduino Data: 16
13:53:49 INFO:areq: Converted Fahrenheit Temp: 60.8
13:53:57 INFO:areq: Raw Arduino Data: 16
13:53:57 INFO:areq: Converted Fahrenheit Temp: 60.8
13:54:09 INFO:areq: Raw Arduino Data: 16
13:54:09 INFO:areq: Converted Fahrenheit Temp: 60.8
13:54:18 INFO:areq: Raw Arduino Data: 16
13:54:18 INFO:areq: Converted Fahrenheit Temp: 60.8
13:54:20 INFO:areq: Raw Arduino Data: 16
13:54:20 INFO:areq: Converted Fahrenheit Temp: 60.8
13:54:31 INFO:areq: Raw Arduino Data: 16
13:54:31 INFO:areq: Converted Fahrenheit Temp: 60.8
13:54:33 INFO:areq: Raw Arduino Data: 16
13:54:33 INFO:areq: Converted Fahrenheit Temp: 60.8
13:54:45 INFO:areq: Raw Arduino Data: 15
13:54:45 INFO:areq: Converted Fahrenheit Temp: 59.0
13:54:46 INFO:areq: Raw Arduino Data: 15
13:54:46 INFO:areq: Converted Fahrenheit Temp: 59.0
13:54:58 INFO:areq: Raw Arduino Data: 15
13:54:58 INFO:areq: Converted Fahrenheit Temp: 59.0
13:55:07 INFO:areq: Raw Arduino Data: 17
13:55:07 INFO:areq: Converted Fahrenheit Temp: 62.6
13:55:19 INFO:areq: Raw Arduino Data: 15
13:55:19 INFO:areq: Converted Fahrenheit Temp: 59.0
13:55:21 INFO:areq: Raw Arduino Data: 16
13:55:21 INFO:areq: Converted Fahrenheit Temp: 60.8
13:55:32 INFO:areq: Raw Arduino Data: 15
13:55:32 INFO:areq: Converted Fahrenheit Temp: 59.0
13:55:35 INFO:areq: Raw Arduino Data: 16
13:55:35 INFO:areq: Converted Fahrenheit Temp: 60.8
13:55:37 INFO:areq: Raw Arduino Data: 16
13:55:37 INFO:areq: Converted Fahrenheit Temp: 60.8
13:55:48 INFO:areq: Raw Arduino Data: 16
13:55:48 INFO:areq: Converted Fahrenheit Temp: 60.8
13:55:51 INFO:areq: Raw Arduino Data: 16
13:55:51 INFO:areq: Converted Fahrenheit Temp: 60.8
13:56:00 INFO:areq: Raw Arduino Data: 16
13:56:00 INFO:areq: Converted Fahrenheit Temp: 60.8
13:56:03 INFO:areq: Raw Arduino Data: 15
13:56:03 INFO:areq: Converted Fahrenheit Temp: 59.0
13:56:05 INFO:areq: Raw Arduino Data: 15
13:56:05 INFO:areq: Converted Fahrenheit Temp: 59.0
13:56:17 INFO:areq: Raw Arduino Data: 16
13:56:17 INFO:areq: Converted Fahrenheit Temp: 60.8
13:56:19 INFO:areq: Raw Arduino Data: 16
13:56:19 INFO:areq: Converted Fahrenheit Temp: 60.8
13:56:32 INFO:areq: Raw Arduino Data: 16
13:56:32 INFO:areq: Converted Fahrenheit Temp: 60.8
13:56:44 INFO:areq: Raw Arduino Data: 16
13:56:44 INFO:areq: Converted Fahrenheit Temp: 60.8
13:56:46 INFO:areq: Raw Arduino Data: 16
13:56:46 INFO:areq: Converted Fahrenheit Temp: 60.8
13:56:56 INFO:areq: Raw Arduino Data: 16
13:56:56 INFO:areq: Converted Fahrenheit Temp: 60.8
13:56:58 INFO:areq: Raw Arduino Data: 16
13:56:58 INFO:areq: Converted Fahrenheit Temp: 60.8
13:57:01 INFO:areq: Raw Arduino Data: 16
13:57:01 INFO:areq: Converted Fahrenheit Temp: 60.8
13:57:13 INFO:areq: Raw Arduino Data: 15
13:57:13 INFO:areq: Converted Fahrenheit Temp: 59.0
13:57:14 INFO:areq: Raw Arduino Data: 15
13:57:14 INFO:areq: Converted Fahrenheit Temp: 59.0
13:57:25 INFO:areq: Raw Arduino Data: 17
13:57:25 INFO:areq: Converted Fahrenheit Temp: 62.6
13:57:37 INFO:areq: Raw Arduino Data: 15
13:57:37 INFO:areq: Converted Fahrenheit Temp: 59.0
13:57:39 INFO:areq: Raw Arduino Data: 16
13:57:39 INFO:areq: Converted Fahrenheit Temp: 60.8
13:57:51 INFO:areq: Raw Arduino Data: 16
13:57:51 INFO:areq: Converted Fahrenheit Temp: 60.8
13:57:52 INFO:areq: Raw Arduino Data: 16
13:57:52 INFO:areq: Converted Fahrenheit Temp: 60.8
13:58:04 INFO:areq: Raw Arduino Data: 16
13:58:04 INFO:areq: Converted Fahrenheit Temp: 60.8
13:58:06 INFO:areq: Raw Arduino Data: 16
13:58:06 INFO:areq: Converted Fahrenheit Temp: 60.8
13:58:17 INFO:areq: Raw Arduino Data: 16
13:58:17 INFO:areq: Converted Fahrenheit Temp: 60.8
13:58:18 INFO:areq: Raw Arduino Data: 16
13:58:18 INFO:areq: Converted Fahrenheit Temp: 60.8
13:58:30 INFO:areq: Raw Arduino Data: 17
13:58:30 INFO:areq: Converted Fahrenheit Temp: 62.6
13:58:42 INFO:areq: Raw Arduino Data: 16
13:58:42 INFO:areq: Converted Fahrenheit Temp: 60.8
13:58:54 INFO:areq: Raw Arduino Data: 16
13:58:54 INFO:areq: Converted Fahrenheit Temp: 60.8
13:58:56 INFO:areq: Raw Arduino Data: 16
13:58:56 INFO:areq: Converted Fahrenheit Temp: 60.8
13:59:08 INFO:areq: Raw Arduino Data: 16
13:59:08 INFO:areq: Converted Fahrenheit Temp: 60.8
13:59:10 INFO:areq: Raw Arduino Data: 17
13:59:10 INFO:areq: Converted Fahrenheit Temp: 62.6
13:59:21 INFO:areq: Raw Arduino Data: 16
13:59:21 INFO:areq: Converted Fahrenheit Temp: 60.8
13:59:24 INFO:areq: Raw Arduino Data: 16
13:59:24 INFO:areq: Converted Fahrenheit Temp: 60.8
13:59:26 INFO:areq: Raw Arduino Data: 16
13:59:26 INFO:areq: Converted Fahrenheit Temp: 60.8
13:59:37 INFO:areq: Raw Arduino Data: 16
13:59:37 INFO:areq: Converted Fahrenheit Temp: 60.8
13:59:39 INFO:areq: Raw Arduino Data: 17
13:59:39 INFO:areq: Converted Fahrenheit Temp: 62.6
13:59:51 INFO:areq: Raw Arduino Data: 17
13:59:51 INFO:areq: Converted Fahrenheit Temp: 62.6
14:01:55 INFO:areq: Raw Arduino Data: 16
14:01:55 INFO:areq: Converted Fahrenheit Temp: 60.8
14:01:56 INFO:areq: Raw Arduino Data: 16
14:01:56 INFO:areq: Converted Fahrenheit Temp: 60.8
14:02:10 INFO:areq: Raw Arduino Data: 16
14:02:10 INFO:areq: Converted Fahrenheit Temp: 60.8
14:02:27 INFO:areq: Raw Arduino Data: 16
14:02:27 INFO:areq: Converted Fahrenheit Temp: 60.8
14:02:42 INFO:areq: Raw Arduino Data: 16
14:02:42 INFO:areq: Converted Fahrenheit Temp: 60.8
14:02:58 INFO:areq: Raw Arduino Data: 16
14:02:58 INFO:areq: Converted Fahrenheit Temp: 60.8
14:20:09 INFO:areq: Converted Fahrenheit Temp: 60.8
14:20:09 INFO:areq: Temperature published to MQTT at 192.168.68.70
14:20:24 INFO:areq: Converted Fahrenheit Temp: 60.8
14:20:24 INFO:areq: Temperature published to MQTT at 192.168.68.70
14:26:32 INFO:areq: BLE address is 106C2542-49BA-1830-96E4-52DE905C54BF
14:26:32 INFO:areq: Characterisic UUID is 106C2542-49BA-1830-96E4-52DE905C54BF
14:26:32 INFO:areq: MQTT Broker IP is 106C2542-49BA-1830-96E4-52DE905C54BF
14:28:00 INFO:areq: BLE address is 106C2542-49BA-1830-96E4-52DE905C54BF
14:28:00 INFO:areq: Characterisic UUID is 106C2542-49BA-1830-96E4-52DE905C54BF
14:28:00 INFO:areq: MQTT Broker IP is 106C2542-49BA-1830-96E4-52DE905C54BF
14:29:15 INFO:areq: BLE address is 106C2542-49BA-1830-96E4-52DE905C54BF
14:29:15 INFO:areq: Characterisic UUID is 00002101-0000-1000-8000-00805f9b34fb
14:29:15 INFO:areq: MQTT Broker IP is 192.168.68.7
14:29:25 INFO:areq: Converted Fahrenheit Temp: 60.8
14:31:40 INFO:areq: BLE address is 106C2542-49BA-1830-96E4-52DE905C54BF
14:31:40 INFO:areq: Characterisic UUID is 00002101-0000-1000-8000-00805f9b34fb
14:31:40 INFO:areq: MQTT Broker IP is 192.168.68.70
14:31:50 INFO:areq: Converted Fahrenheit Temp: 60.8
14:31:50 INFO:areq: Temperature published to MQTT at 192.168.68.70
14:32:06 INFO:areq: Converted Fahrenheit Temp: 62.6
14:32:06 INFO:areq: Temperature published to MQTT at 192.168.68.70
14:32:22 INFO:areq: Converted Fahrenheit Temp: 60.8
14:32:22 INFO:areq: Temperature published to MQTT at 192.168.68.70
14:32:38 INFO:areq: Converted Fahrenheit Temp: 60.8
14:32:38 INFO:areq: Temperature published to MQTT at 192.168.68.70
14:32:53 INFO:areq: Converted Fahrenheit Temp: 60.8
14:32:53 INFO:areq: Temperature published to MQTT at 192.168.68.70
14:33:09 INFO:areq: Converted Fahrenheit Temp: 60.8
14:33:09 INFO:areq: Temperature published to MQTT at 192.168.68.70
14:33:25 INFO:areq: Converted Fahrenheit Temp: 60.8
14:33:25 INFO:areq: Temperature published to MQTT at 192.168.68.70
14:33:40 INFO:areq: Converted Fahrenheit Temp: 60.8
14:33:40 INFO:areq: Temperature published to MQTT at 192.168.68.70
14:33:57 INFO:areq: Converted Fahrenheit Temp: 60.8
14:33:57 INFO:areq: Temperature published to MQTT at 192.168.68.70
14:34:12 INFO:areq: Converted Fahrenheit Temp: 60.8
14:34:12 INFO:areq: Temperature published to MQTT at 192.168.68.70
14:34:28 INFO:areq: Converted Fahrenheit Temp: 62.6
14:34:28 INFO:areq: Temperature published to MQTT at 192.168.68.70
14:34:43 INFO:areq: Converted Fahrenheit Temp: 60.8
14:34:43 INFO:areq: Temperature published to MQTT at 192.168.68.70
14:34:59 INFO:areq: Converted Fahrenheit Temp: 60.8
14:34:59 INFO:areq: Temperature published to MQTT at 192.168.68.70
